SF:/home/alanr/dev/projects/rust-axum-seaorm-example/src/api/handlers/task/adapters.rs
FN:11,_RNvNtNtNtNtCsbXW4dhCBcMY_13seaorm_course3api8handlers4task8adapters20to_get_task_response
FN:3,_RNvNtNtNtNtCsbXW4dhCBcMY_13seaorm_course3api8handlers4task8adapters23to_create_task_response
FNDA:5,_RNvNtNtNtNtCsbXW4dhCBcMY_13seaorm_course3api8handlers4task8adapters20to_get_task_response
FNDA:1,_RNvNtNtNtNtCsbXW4dhCBcMY_13seaorm_course3api8handlers4task8adapters23to_create_task_response
FNF:2
FNH:2
DA:3,1
DA:4,1
DA:5,1
DA:6,1
DA:7,1
DA:8,1
DA:9,1
DA:10,1
DA:11,5
DA:12,5
DA:13,5
DA:14,5
DA:15,5
DA:16,5
DA:17,5
DA:18,5
BRF:0
BRH:0
LF:16
LH:16
end_of_record
SF:/home/alanr/dev/projects/rust-axum-seaorm-example/src/api/handlers/task/mod.rs
FN:56,_RNvNtNtNtCsbXW4dhCBcMY_13seaorm_course3api8handlers4task11create_task
FN:73,_RNvNtNtNtCsbXW4dhCBcMY_13seaorm_course3api8handlers4task13get_all_tasks
FN:92,_RNvNtNtNtCsbXW4dhCBcMY_13seaorm_course3api8handlers4task17hard_delete_by_id
FN:104,_RNvNtNtNtCsbXW4dhCBcMY_13seaorm_course3api8handlers4task17soft_delete_by_id
FN:82,_RNvNtNtNtCsbXW4dhCBcMY_13seaorm_course3api8handlers4task8put_task
FN:65,_RNvNtNtNtCsbXW4dhCBcMY_13seaorm_course3api8handlers4task9get_by_id
FN:59,_RNCNvNtNtNtCsbXW4dhCBcMY_13seaorm_course3api8handlers4task11create_task0B9_
FN:76,_RNCNvNtNtNtCsbXW4dhCBcMY_13seaorm_course3api8handlers4task13get_all_tasks0B9_
FN:95,_RNCNvNtNtNtCsbXW4dhCBcMY_13seaorm_course3api8handlers4task17hard_delete_by_id0B9_
FN:107,_RNCNvNtNtNtCsbXW4dhCBcMY_13seaorm_course3api8handlers4task17soft_delete_by_id0B9_
FN:86,_RNCNvNtNtNtCsbXW4dhCBcMY_13seaorm_course3api8handlers4task8put_task0B9_
FN:68,_RNCNvNtNtNtCsbXW4dhCBcMY_13seaorm_course3api8handlers4task9get_by_id0B9_
FNDA:2,_RNvNtNtNtCsbXW4dhCBcMY_13seaorm_course3api8handlers4task11create_task
FNDA:3,_RNvNtNtNtCsbXW4dhCBcMY_13seaorm_course3api8handlers4task13get_all_tasks
FNDA:2,_RNvNtNtNtCsbXW4dhCBcMY_13seaorm_course3api8handlers4task17hard_delete_by_id
FNDA:1,_RNvNtNtNtCsbXW4dhCBcMY_13seaorm_course3api8handlers4task17soft_delete_by_id
FNDA:1,_RNvNtNtNtCsbXW4dhCBcMY_13seaorm_course3api8handlers4task8put_task
FNDA:2,_RNvNtNtNtCsbXW4dhCBcMY_13seaorm_course3api8handlers4task9get_by_id
FNDA:2,_RNCNvNtNtNtCsbXW4dhCBcMY_13seaorm_course3api8handlers4task11create_task0B9_
FNDA:3,_RNCNvNtNtNtCsbXW4dhCBcMY_13seaorm_course3api8handlers4task13get_all_tasks0B9_
FNDA:2,_RNCNvNtNtNtCsbXW4dhCBcMY_13seaorm_course3api8handlers4task17hard_delete_by_id0B9_
FNDA:1,_RNCNvNtNtNtCsbXW4dhCBcMY_13seaorm_course3api8handlers4task17soft_delete_by_id0B9_
FNDA:1,_RNCNvNtNtNtCsbXW4dhCBcMY_13seaorm_course3api8handlers4task8put_task0B9_
FNDA:2,_RNCNvNtNtNtCsbXW4dhCBcMY_13seaorm_course3api8handlers4task9get_by_id0B9_
FNF:12
FNH:12
DA:56,2
DA:57,2
DA:58,2
DA:59,2
DA:60,2
DA:61,1
DA:62,1
DA:63,2
DA:65,2
DA:66,2
DA:67,2
DA:68,2
DA:69,2
DA:70,0
DA:71,2
DA:73,3
DA:74,3
DA:75,3
DA:76,3
DA:77,3
DA:78,3
DA:79,3
DA:80,3
DA:82,1
DA:83,1
DA:84,1
DA:85,1
DA:86,1
DA:87,1
DA:88,1
DA:89,1
DA:90,1
DA:92,2
DA:93,2
DA:94,2
DA:95,2
DA:96,2
DA:98,1
DA:99,1
DA:100,1
DA:101,1
DA:102,2
DA:104,1
DA:105,1
DA:106,1
DA:107,1
DA:108,1
DA:110,1
DA:111,1
DA:112,1
DA:113,1
DA:114,1
BRF:0
BRH:0
LF:58
LH:57
end_of_record
SF:/home/alanr/dev/projects/rust-axum-seaorm-example/src/api/handlers/task/request_validation.rs
FN:3,_RNvNtNtNtNtCsbXW4dhCBcMY_13seaorm_course3api8handlers4task18request_validation16validate_request
FN:6,_RNCNvNtNtNtNtCsbXW4dhCBcMY_13seaorm_course3api8handlers4task18request_validation16validate_request0Bb_
FN:8,_RNCNvNtNtNtNtCsbXW4dhCBcMY_13seaorm_course3api8handlers4task18request_validation16validate_requests0_0Bb_
FN:7,_RNCNvNtNtNtNtCsbXW4dhCBcMY_13seaorm_course3api8handlers4task18request_validation16validate_requests_0Bb_
FNDA:3,_RNvNtNtNtNtCsbXW4dhCBcMY_13seaorm_course3api8handlers4task18request_validation16validate_request
FNDA:2,_RNCNvNtNtNtNtCsbXW4dhCBcMY_13seaorm_course3api8handlers4task18request_validation16validate_request0Bb_
FNDA:1,_RNCNvNtNtNtNtCsbXW4dhCBcMY_13seaorm_course3api8handlers4task18request_validation16validate_requests0_0Bb_
FNDA:2,_RNCNvNtNtNtNtCsbXW4dhCBcMY_13seaorm_course3api8handlers4task18request_validation16validate_requests_0Bb_
FNF:4
FNH:4
DA:3,3
DA:4,3
DA:5,3
DA:6,3
DA:7,3
DA:8,3
DA:9,2
DA:10,3
BRF:0
BRH:0
LF:11
LH:11
end_of_record
SF:/home/alanr/dev/projects/rust-axum-seaorm-example/src/api/mod.rs
FN:75,_RNvNtNtCsbXW4dhCBcMY_13seaorm_course3api5testss_17test_get_all_task
FN:48,_RNvNtNtCsbXW4dhCBcMY_13seaorm_course3api5testss_17test_get_one_task
FN:197,_RNvNtNtCsbXW4dhCBcMY_13seaorm_course3api5testss_17test_put_one_task
FN:163,_RNvNtNtCsbXW4dhCBcMY_13seaorm_course3api5testss_18test_post_one_task
FN:228,_RNvNtNtCsbXW4dhCBcMY_13seaorm_course3api5testss_25test_hard_delete_one_task
FN:268,_RNvNtNtCsbXW4dhCBcMY_13seaorm_course3api5testss_25test_soft_delete_one_task
FN:120,_RNvNtNtCsbXW4dhCBcMY_13seaorm_course3api5testss_27test_get_all_task_by_filter
FN:249,_RNvNtNtCsbXW4dhCBcMY_13seaorm_course3api5testss_32test_hard_delete_unexisting_task
FN:183,_RNvNtNtCsbXW4dhCBcMY_13seaorm_course3api5testss_42test_post_one_task_missing_required_fields
FN:75,_RNCNvNtNtCsbXW4dhCBcMY_13seaorm_course3api5testss_17test_get_all_task0B7_
FN:48,_RNCNvNtNtCsbXW4dhCBcMY_13seaorm_course3api5testss_17test_get_one_task0B7_
FN:197,_RNCNvNtNtCsbXW4dhCBcMY_13seaorm_course3api5testss_17test_put_one_task0B7_
FN:163,_RNCNvNtNtCsbXW4dhCBcMY_13seaorm_course3api5testss_18test_post_one_task0B7_
FN:228,_RNCNvNtNtCsbXW4dhCBcMY_13seaorm_course3api5testss_25test_hard_delete_one_task0B7_
FN:268,_RNCNvNtNtCsbXW4dhCBcMY_13seaorm_course3api5testss_25test_soft_delete_one_task0B7_
FN:120,_RNCNvNtNtCsbXW4dhCBcMY_13seaorm_course3api5testss_27test_get_all_task_by_filter0B7_
FN:249,_RNCNvNtNtCsbXW4dhCBcMY_13seaorm_course3api5testss_32test_hard_delete_unexisting_task0B7_
FN:183,_RNCNvNtNtCsbXW4dhCBcMY_13seaorm_course3api5testss_42test_post_one_task_missing_required_fields0B7_
FN:15,_RNvNtCsbXW4dhCBcMY_13seaorm_course3api12setup_routes
FN:29,_RNvNtCsbXW4dhCBcMY_13seaorm_course3api16build_cors_layer
FNDA:1,_RNvNtNtCsbXW4dhCBcMY_13seaorm_course3api5testss_17test_get_all_task
FNDA:1,_RNvNtNtCsbXW4dhCBcMY_13seaorm_course3api5testss_17test_get_one_task
FNDA:1,_RNvNtNtCsbXW4dhCBcMY_13seaorm_course3api5testss_17test_put_one_task
FNDA:1,_RNvNtNtCsbXW4dhCBcMY_13seaorm_course3api5testss_18test_post_one_task
FNDA:1,_RNvNtNtCsbXW4dhCBcMY_13seaorm_course3api5testss_25test_hard_delete_one_task
FNDA:1,_RNvNtNtCsbXW4dhCBcMY_13seaorm_course3api5testss_25test_soft_delete_one_task
FNDA:1,_RNvNtNtCsbXW4dhCBcMY_13seaorm_course3api5testss_27test_get_all_task_by_filter
FNDA:1,_RNvNtNtCsbXW4dhCBcMY_13seaorm_course3api5testss_32test_hard_delete_unexisting_task
FNDA:1,_RNvNtNtCsbXW4dhCBcMY_13seaorm_course3api5testss_42test_post_one_task_missing_required_fields
FNDA:1,_RNCNvNtNtCsbXW4dhCBcMY_13seaorm_course3api5testss_17test_get_all_task0B7_
FNDA:1,_RNCNvNtNtCsbXW4dhCBcMY_13seaorm_course3api5testss_17test_get_one_task0B7_
FNDA:1,_RNCNvNtNtCsbXW4dhCBcMY_13seaorm_course3api5testss_17test_put_one_task0B7_
FNDA:1,_RNCNvNtNtCsbXW4dhCBcMY_13seaorm_course3api5testss_18test_post_one_task0B7_
FNDA:1,_RNCNvNtNtCsbXW4dhCBcMY_13seaorm_course3api5testss_25test_hard_delete_one_task0B7_
FNDA:1,_RNCNvNtNtCsbXW4dhCBcMY_13seaorm_course3api5testss_25test_soft_delete_one_task0B7_
FNDA:1,_RNCNvNtNtCsbXW4dhCBcMY_13seaorm_course3api5testss_27test_get_all_task_by_filter0B7_
FNDA:1,_RNCNvNtNtCsbXW4dhCBcMY_13seaorm_course3api5testss_32test_hard_delete_unexisting_task0B7_
FNDA:1,_RNCNvNtNtCsbXW4dhCBcMY_13seaorm_course3api5testss_42test_post_one_task_missing_required_fields0B7_
FNDA:9,_RNvNtCsbXW4dhCBcMY_13seaorm_course3api12setup_routes
FNDA:9,_RNvNtCsbXW4dhCBcMY_13seaorm_course3api16build_cors_layer
FNF:20
FNH:20
DA:15,9
DA:16,9
DA:18,9
DA:19,9
DA:20,9
DA:21,9
DA:22,9
DA:23,9
DA:24,9
DA:25,9
DA:26,9
DA:27,9
DA:29,9
DA:30,9
DA:31,9
DA:32,9
DA:33,9
DA:48,1
DA:49,1
DA:51,1
DA:52,1
DA:53,1
DA:54,1
DA:55,1
DA:56,1
DA:58,1
DA:59,1
DA:60,1
DA:61,1
DA:63,1
DA:65,1
DA:66,1
DA:67,1
DA:68,1
DA:69,1
DA:70,1
DA:71,1
DA:72,1
DA:75,1
DA:76,1
DA:78,1
DA:79,1
DA:80,1
DA:81,1
DA:82,1
DA:83,1
DA:85,1
DA:86,1
DA:87,1
DA:88,1
DA:89,1
DA:90,1
DA:92,1
DA:93,1
DA:94,1
DA:95,1
DA:97,1
DA:98,1
DA:99,1
DA:100,1
DA:102,1
DA:104,1
DA:105,1
DA:107,1
DA:108,1
DA:109,1
DA:110,1
DA:111,1
DA:112,1
DA:113,1
DA:114,1
DA:115,1
DA:116,1
DA:117,1
DA:120,1
DA:121,1
DA:123,1
DA:124,1
DA:125,1
DA:126,1
DA:127,1
DA:128,1
DA:130,1
DA:131,1
DA:132,1
DA:133,1
DA:134,1
DA:135,1
DA:137,1
DA:138,1
DA:139,1
DA:140,1
DA:142,1
DA:143,1
DA:144,1
DA:145,1
DA:147,1
DA:148,1
DA:149,1
DA:151,1
DA:152,1
DA:154,1
DA:155,1
DA:156,1
DA:157,1
DA:158,1
DA:159,1
DA:160,1
DA:163,1
DA:164,1
DA:166,1
DA:167,1
DA:168,1
DA:169,1
DA:171,1
DA:173,1
DA:174,1
DA:175,1
DA:176,1
DA:177,1
DA:178,1
DA:179,1
DA:180,1
DA:183,1
DA:184,1
DA:186,1
DA:187,1
DA:188,1
DA:191,1
DA:193,1
DA:194,1
DA:197,1
DA:198,1
DA:200,1
DA:201,1
DA:202,1
DA:203,1
DA:204,1
DA:205,1
DA:207,1
DA:208,1
DA:209,1
DA:210,1
DA:212,1
DA:213,1
DA:214,1
DA:215,1
DA:217,1
DA:219,1
DA:220,1
DA:221,1
DA:222,1
DA:223,1
DA:224,1
DA:225,1
DA:226,1
DA:228,1
DA:229,1
DA:230,1
DA:231,1
DA:232,1
DA:233,1
DA:234,1
DA:235,1
DA:237,1
DA:238,1
DA:239,1
DA:240,1
DA:242,1
DA:243,1
DA:244,1
DA:245,1
DA:246,1
DA:249,1
DA:250,1
DA:251,1
DA:252,1
DA:253,1
DA:254,1
DA:255,1
DA:256,1
DA:258,1
DA:259,1
DA:260,1
DA:261,1
DA:263,1
DA:264,1
DA:265,1
DA:268,1
DA:269,1
DA:270,1
DA:271,1
DA:272,1
DA:273,1
DA:274,1
DA:275,1
DA:277,1
DA:278,1
DA:279,1
DA:280,1
DA:282,1
DA:283,1
DA:284,1
DA:285,1
DA:286,1
BRF:0
BRH:0
LF:238
LH:238
end_of_record
SF:/home/alanr/dev/projects/rust-axum-seaorm-example/src/domain/tasks.rs
FN:64,_RNvXs0_NtNtCsbXW4dhCBcMY_13seaorm_course6domain5tasksINtNtNtCs2FoNYte74f1_7sea_orm5query6select6SelectNtB5_6EntityENtB5_13TaskFilterExt13filter_active
FN:75,_RNvXs0_NtNtCsbXW4dhCBcMY_13seaorm_course6domain5tasksINtNtNtCs2FoNYte74f1_7sea_orm5query6select6SelectNtB5_6EntityENtB5_13TaskFilterExt14filter_by_user
FN:82,_RNvXs0_NtNtCsbXW4dhCBcMY_13seaorm_course6domain5tasksINtNtNtCs2FoNYte74f1_7sea_orm5query6select6SelectNtB5_6EntityENtB5_13TaskFilterExt15filter_by_title
FN:95,_RNvXs0_NtNtCsbXW4dhCBcMY_13seaorm_course6domain5tasksINtNtNtCs2FoNYte74f1_7sea_orm5query6select6SelectNtB5_6EntityENtB5_13TaskFilterExt16filter_by_fields
FN:88,_RNvXs0_NtNtCsbXW4dhCBcMY_13seaorm_course6domain5tasksINtNtNtCs2FoNYte74f1_7sea_orm5query6select6SelectNtB5_6EntityENtB5_13TaskFilterExt17filter_by_default
FN:68,_RNvXs0_NtNtCsbXW4dhCBcMY_13seaorm_course6domain5tasksINtNtNtCs2FoNYte74f1_7sea_orm5query6select6SelectNtB5_6EntityENtB5_13TaskFilterExt18filter_by_priority
FN:104,_RNvXs0_NtNtCsbXW4dhCBcMY_13seaorm_course6domain5tasksINtNtNtCs2FoNYte74f1_7sea_orm5query6select6SelectNtB5_6EntityENtB5_13TaskFilterExt21filter_by_descritpion
FN:31,_RNvXNtNtCsbXW4dhCBcMY_13seaorm_course6domain5tasksNtB2_6EntityINtNtNtCs2FoNYte74f1_7sea_orm6entity8relation7RelatedNtNtB4_5users6EntityE2to
FNDA:3,_RNvXs0_NtNtCsbXW4dhCBcMY_13seaorm_course6domain5tasksINtNtNtCs2FoNYte74f1_7sea_orm5query6select6SelectNtB5_6EntityENtB5_13TaskFilterExt13filter_active
FNDA:3,_RNvXs0_NtNtCsbXW4dhCBcMY_13seaorm_course6domain5tasksINtNtNtCs2FoNYte74f1_7sea_orm5query6select6SelectNtB5_6EntityENtB5_13TaskFilterExt14filter_by_user
FNDA:3,_RNvXs0_NtNtCsbXW4dhCBcMY_13seaorm_course6domain5tasksINtNtNtCs2FoNYte74f1_7sea_orm5query6select6SelectNtB5_6EntityENtB5_13TaskFilterExt15filter_by_title
FNDA:3,_RNvXs0_NtNtCsbXW4dhCBcMY_13seaorm_course6domain5tasksINtNtNtCs2FoNYte74f1_7sea_orm5query6select6SelectNtB5_6EntityENtB5_13TaskFilterExt16filter_by_fields
FNDA:3,_RNvXs0_NtNtCsbXW4dhCBcMY_13seaorm_course6domain5tasksINtNtNtCs2FoNYte74f1_7sea_orm5query6select6SelectNtB5_6EntityENtB5_13TaskFilterExt17filter_by_default
FNDA:3,_RNvXs0_NtNtCsbXW4dhCBcMY_13seaorm_course6domain5tasksINtNtNtCs2FoNYte74f1_7sea_orm5query6select6SelectNtB5_6EntityENtB5_13TaskFilterExt18filter_by_priority
FNDA:3,_RNvXs0_NtNtCsbXW4dhCBcMY_13seaorm_course6domain5tasksINtNtNtCs2FoNYte74f1_7sea_orm5query6select6SelectNtB5_6EntityENtB5_13TaskFilterExt21filter_by_descritpion
FNDA:9,_RNvXNtNtCsbXW4dhCBcMY_13seaorm_course6domain5tasksNtB2_6EntityINtNtNtCs2FoNYte74f1_7sea_orm6entity8relation7RelatedNtNtB4_5users6EntityE2to
FNF:8
FNH:8
DA:31,9
DA:32,9
DA:33,9
DA:64,3
DA:65,3
DA:66,3
DA:68,3
DA:69,3
DA:70,1
DA:71,2
DA:72,3
DA:73,3
DA:75,3
DA:76,3
DA:77,0
DA:78,3
DA:79,3
DA:80,3
DA:82,3
DA:83,3
DA:84,1
DA:85,2
DA:86,3
DA:87,3
DA:88,3
DA:89,3
DA:90,0
DA:91,3
DA:92,3
DA:93,3
DA:95,3
DA:96,3
DA:97,3
DA:98,3
DA:99,3
DA:100,3
DA:101,3
DA:102,3
DA:104,3
DA:105,3
DA:106,1
DA:107,2
DA:108,3
DA:109,3
BRF:0
BRH:0
LF:44
LH:42
end_of_record
SF:/home/alanr/dev/projects/rust-axum-seaorm-example/src/domain/users.rs
FN:23,_RNvXNtNtCsbXW4dhCBcMY_13seaorm_course6domain5usersNtB2_6EntityINtNtNtCs2FoNYte74f1_7sea_orm6entity8relation7RelatedNtNtB4_5tasks6EntityE2to
FNDA:0,_RNvXNtNtCsbXW4dhCBcMY_13seaorm_course6domain5usersNtB2_6EntityINtNtNtCs2FoNYte74f1_7sea_orm6entity8relation7RelatedNtNtB4_5tasks6EntityE2to
FNF:1
FNH:0
DA:23,0
DA:24,0
DA:25,0
BRF:0
BRH:0
LF:3
LH:0
end_of_record
SF:/home/alanr/dev/projects/rust-axum-seaorm-example/src/infra/repositories/task.rs
FN:47,_RNCNCNvXs_NtNtNtCsbXW4dhCBcMY_13seaorm_course5infra12repositories4taskNtB8_18TaskRepositoryImplNtB8_14TaskRepository11create_task00Be_
FN:114,_RNCNCNvXs_NtNtNtCsbXW4dhCBcMY_13seaorm_course5infra12repositories4taskNtB8_18TaskRepositoryImplNtB8_14TaskRepository11update_task00Be_
FN:56,_RNCNCNvXs_NtNtNtCsbXW4dhCBcMY_13seaorm_course5infra12repositories4taskNtB8_18TaskRepositoryImplNtB8_14TaskRepository14get_task_by_id00Be_
FN:58,_RNCNCNvXs_NtNtNtCsbXW4dhCBcMY_13seaorm_course5infra12repositories4taskNtB8_18TaskRepositoryImplNtB8_14TaskRepository14get_task_by_id0s_0Be_
FN:96,_RNCNCNvXs_NtNtNtCsbXW4dhCBcMY_13seaorm_course5infra12repositories4taskNtB8_18TaskRepositoryImplNtB8_14TaskRepository20list_tasks_by_filter00Be_
FN:65,_RNCNCNvXs_NtNtNtCsbXW4dhCBcMY_13seaorm_course5infra12repositories4taskNtB8_18TaskRepositoryImplNtB8_14TaskRepository22hard_remove_task_by_id00Be_
FN:82,_RNCNCNvXs_NtNtNtCsbXW4dhCBcMY_13seaorm_course5infra12repositories4taskNtB8_18TaskRepositoryImplNtB8_14TaskRepository22soft_remove_task_by_id00Be_
FN:30,_RNvMNtNtNtCsbXW4dhCBcMY_13seaorm_course5infra12repositories4taskNtB2_18TaskRepositoryImpl3new
FN:37,_RNvXs_NtNtNtCsbXW4dhCBcMY_13seaorm_course5infra12repositories4taskNtB4_18TaskRepositoryImplNtB4_14TaskRepository11create_task
FN:103,_RNvXs_NtNtNtCsbXW4dhCBcMY_13seaorm_course5infra12repositories4taskNtB4_18TaskRepositoryImplNtB4_14TaskRepository11update_task
FN:50,_RNvXs_NtNtNtCsbXW4dhCBcMY_13seaorm_course5infra12repositories4taskNtB4_18TaskRepositoryImplNtB4_14TaskRepository14get_task_by_id
FN:90,_RNvXs_NtNtNtCsbXW4dhCBcMY_13seaorm_course5infra12repositories4taskNtB4_18TaskRepositoryImplNtB4_14TaskRepository20list_tasks_by_filter
FN:61,_RNvXs_NtNtNtCsbXW4dhCBcMY_13seaorm_course5infra12repositories4taskNtB4_18TaskRepositoryImplNtB4_14TaskRepository22hard_remove_task_by_id
FN:75,_RNvXs_NtNtNtCsbXW4dhCBcMY_13seaorm_course5infra12repositories4taskNtB4_18TaskRepositoryImplNtB4_14TaskRepository22soft_remove_task_by_id
FNDA:0,_RNCNCNvXs_NtNtNtCsbXW4dhCBcMY_13seaorm_course5infra12repositories4taskNtB8_18TaskRepositoryImplNtB8_14TaskRepository11create_task00Be_
FNDA:0,_RNCNCNvXs_NtNtNtCsbXW4dhCBcMY_13seaorm_course5infra12repositories4taskNtB8_18TaskRepositoryImplNtB8_14TaskRepository11update_task00Be_
FNDA:0,_RNCNCNvXs_NtNtNtCsbXW4dhCBcMY_13seaorm_course5infra12repositories4taskNtB8_18TaskRepositoryImplNtB8_14TaskRepository14get_task_by_id00Be_
FNDA:2,_RNCNCNvXs_NtNtNtCsbXW4dhCBcMY_13seaorm_course5infra12repositories4taskNtB8_18TaskRepositoryImplNtB8_14TaskRepository14get_task_by_id0s_0Be_
FNDA:0,_RNCNCNvXs_NtNtNtCsbXW4dhCBcMY_13seaorm_course5infra12repositories4taskNtB8_18TaskRepositoryImplNtB8_14TaskRepository20list_tasks_by_filter00Be_
FNDA:0,_RNCNCNvXs_NtNtNtCsbXW4dhCBcMY_13seaorm_course5infra12repositories4taskNtB8_18TaskRepositoryImplNtB8_14TaskRepository22hard_remove_task_by_id00Be_
FNDA:0,_RNCNCNvXs_NtNtNtCsbXW4dhCBcMY_13seaorm_course5infra12repositories4taskNtB8_18TaskRepositoryImplNtB8_14TaskRepository22soft_remove_task_by_id00Be_
FNDA:12,_RNvMNtNtNtCsbXW4dhCBcMY_13seaorm_course5infra12repositories4taskNtB2_18TaskRepositoryImpl3new
FNDA:1,_RNvXs_NtNtNtCsbXW4dhCBcMY_13seaorm_course5infra12repositories4taskNtB4_18TaskRepositoryImplNtB4_14TaskRepository11create_task
FNDA:1,_RNvXs_NtNtNtCsbXW4dhCBcMY_13seaorm_course5infra12repositories4taskNtB4_18TaskRepositoryImplNtB4_14TaskRepository11update_task
FNDA:4,_RNvXs_NtNtNtCsbXW4dhCBcMY_13seaorm_course5infra12repositories4taskNtB4_18TaskRepositoryImplNtB4_14TaskRepository14get_task_by_id
FNDA:3,_RNvXs_NtNtNtCsbXW4dhCBcMY_13seaorm_course5infra12repositories4taskNtB4_18TaskRepositoryImplNtB4_14TaskRepository20list_tasks_by_filter
FNDA:2,_RNvXs_NtNtNtCsbXW4dhCBcMY_13seaorm_course5infra12repositories4taskNtB4_18TaskRepositoryImplNtB4_14TaskRepository22hard_remove_task_by_id
FNDA:1,_RNvXs_NtNtNtCsbXW4dhCBcMY_13seaorm_course5infra12repositories4taskNtB4_18TaskRepositoryImplNtB4_14TaskRepository22soft_remove_task_by_id
FNF:14
FNH:8
DA:30,12
DA:31,12
DA:32,12
DA:37,1
DA:47,0
DA:48,1
DA:50,4
DA:56,0
DA:58,2
DA:59,4
DA:61,2
DA:65,0
DA:66,0
DA:67,0
DA:73,2
DA:75,1
DA:82,0
DA:85,1
DA:90,3
DA:96,0
DA:98,3
DA:103,1
DA:114,0
DA:115,1
BRF:0
BRH:0
LF:24
LH:16
end_of_record
SF:/home/alanr/dev/projects/rust-axum-seaorm-example/src/infra/utils/db.rs
FN:10,_RNvNtNtNtCsbXW4dhCBcMY_13seaorm_course5infra5utils2db12init_db_pool
FN:25,_RNvNtNtNtCsbXW4dhCBcMY_13seaorm_course5infra5utils2db13setup_test_db
FN:47,_RNvNtNtNtCsbXW4dhCBcMY_13seaorm_course5infra5utils2db25setup_test_db_with_schema
FN:59,_RNvNtNtNtNtCsbXW4dhCBcMY_13seaorm_course5infra5utils2db5testss_25test_init_db_pool_success
FN:59,_RNCNvNtNtNtNtCsbXW4dhCBcMY_13seaorm_course5infra5utils2db5testss_25test_init_db_pool_success0Bb_
FN:34,_RINvNtNtNtCsbXW4dhCBcMY_13seaorm_course5infra5utils2db12create_tableNtNtNtB8_6domain5tasks6EntityEB8_
FN:34,_RINvNtNtNtCsbXW4dhCBcMY_13seaorm_course5infra5utils2db12create_tableNtNtNtB8_6domain5users6EntityEB8_
FN:37,_RNCINvNtNtNtCsbXW4dhCBcMY_13seaorm_course5infra5utils2db12create_tableNtNtNtBa_6domain5tasks6EntityE0Ba_
FN:37,_RNCINvNtNtNtCsbXW4dhCBcMY_13seaorm_course5infra5utils2db12create_tableNtNtNtBa_6domain5users6EntityE0Ba_
FN:10,_RNCNvNtNtNtCsbXW4dhCBcMY_13seaorm_course5infra5utils2db12init_db_pool0B9_
FN:25,_RNCNvNtNtNtCsbXW4dhCBcMY_13seaorm_course5infra5utils2db13setup_test_db0B9_
FN:47,_RNCNvNtNtNtCsbXW4dhCBcMY_13seaorm_course5infra5utils2db25setup_test_db_with_schema0B9_
FNDA:1,_RNvNtNtNtCsbXW4dhCBcMY_13seaorm_course5infra5utils2db12init_db_pool
FNDA:9,_RNvNtNtNtCsbXW4dhCBcMY_13seaorm_course5infra5utils2db13setup_test_db
FNDA:9,_RNvNtNtNtCsbXW4dhCBcMY_13seaorm_course5infra5utils2db25setup_test_db_with_schema
FNDA:1,_RNvNtNtNtNtCsbXW4dhCBcMY_13seaorm_course5infra5utils2db5testss_25test_init_db_pool_success
FNDA:1,_RNCNvNtNtNtNtCsbXW4dhCBcMY_13seaorm_course5infra5utils2db5testss_25test_init_db_pool_success0Bb_
FNDA:9,_RINvNtNtNtCsbXW4dhCBcMY_13seaorm_course5infra5utils2db12create_tableNtNtNtB8_6domain5tasks6EntityEB8_
FNDA:9,_RINvNtNtNtCsbXW4dhCBcMY_13seaorm_course5infra5utils2db12create_tableNtNtNtB8_6domain5users6EntityEB8_
FNDA:9,_RNCINvNtNtNtCsbXW4dhCBcMY_13seaorm_course5infra5utils2db12create_tableNtNtNtBa_6domain5tasks6EntityE0Ba_
FNDA:9,_RNCINvNtNtNtCsbXW4dhCBcMY_13seaorm_course5infra5utils2db12create_tableNtNtNtBa_6domain5users6EntityE0Ba_
FNDA:1,_RNCNvNtNtNtCsbXW4dhCBcMY_13seaorm_course5infra5utils2db12init_db_pool0B9_
FNDA:9,_RNCNvNtNtNtCsbXW4dhCBcMY_13seaorm_course5infra5utils2db13setup_test_db0B9_
FNDA:9,_RNCNvNtNtNtCsbXW4dhCBcMY_13seaorm_course5infra5utils2db25setup_test_db_with_schema0B9_
FNF:10
FNH:10
DA:10,1
DA:11,1
DA:13,1
DA:14,1
DA:15,1
DA:16,1
DA:17,1
DA:18,1
DA:20,1
DA:21,1
DA:22,1
DA:23,1
DA:25,9
DA:26,9
DA:27,9
DA:28,9
DA:29,9
DA:30,9
DA:34,18
DA:35,18
DA:36,18
DA:37,18
DA:38,18
DA:39,18
DA:42,18
DA:43,18
DA:44,18
DA:47,9
DA:48,9
DA:49,9
DA:50,9
DA:51,9
DA:52,9
DA:59,1
DA:60,1
DA:61,1
DA:63,1
DA:64,1
DA:65,0
DA:68,1
DA:69,1
DA:70,1
DA:71,1
DA:72,1
DA:73,1
DA:74,1
DA:76,1
DA:77,1
BRF:0
BRH:0
LF:53
LH:52
end_of_record
SF:/home/alanr/dev/projects/rust-axum-seaorm-example/src/infra/utils/error.rs
FN:18,_RNvXNtNtNtCsbXW4dhCBcMY_13seaorm_course5infra5utils5errorNtB2_8AppErrorNtNtNtCs2kWMhndlydP_9axum_core8response13into_response12IntoResponse13into_response
FNDA:4,_RNvXNtNtNtCsbXW4dhCBcMY_13seaorm_course5infra5utils5errorNtB2_8AppErrorNtNtNtCs2kWMhndlydP_9axum_core8response13into_response12IntoResponse13into_response
FNF:1
FNH:1
DA:18,4
DA:19,4
DA:20,3
DA:21,0
DA:22,0
DA:23,0
DA:24,0
DA:25,1
DA:28,4
DA:29,4
BRF:0
BRH:0
LF:10
LH:6
end_of_record
SF:/home/alanr/dev/projects/rust-axum-seaorm-example/src/infra/utils/http_server.rs
FN:8,_RNvNtNtNtCsbXW4dhCBcMY_13seaorm_course5infra5utils11http_server15create_listener
FN:3,_RNvNtNtNtCsbXW4dhCBcMY_13seaorm_course5infra5utils11http_server15run_http_server
FN:22,_RNvNtNtNtNtCsbXW4dhCBcMY_13seaorm_course5infra5utils11http_server5testss_28test_create_listener_success
FN:31,_RNvNtNtNtNtCsbXW4dhCBcMY_13seaorm_course5infra5utils11http_server5testss_30test_run_http_server_execution
FN:33,_RNCNCNCNvNtNtNtNtCsbXW4dhCBcMY_13seaorm_course5infra5utils11http_server5testss_30test_run_http_server_execution000Bf_
FN:33,_RNCNCNvNtNtNtNtCsbXW4dhCBcMY_13seaorm_course5infra5utils11http_server5testss_30test_run_http_server_execution00Bd_
FN:37,_RNCNCNvNtNtNtNtCsbXW4dhCBcMY_13seaorm_course5infra5utils11http_server5testss_30test_run_http_server_execution0s_0Bd_
FN:22,_RNCNvNtNtNtNtCsbXW4dhCBcMY_13seaorm_course5infra5utils11http_server5testss_28test_create_listener_success0Bb_
FN:31,_RNCNvNtNtNtNtCsbXW4dhCBcMY_13seaorm_course5infra5utils11http_server5testss_30test_run_http_server_execution0Bb_
FN:8,_RNCNvNtNtNtCsbXW4dhCBcMY_13seaorm_course5infra5utils11http_server15create_listener0B9_
FN:3,_RNCNvNtNtNtCsbXW4dhCBcMY_13seaorm_course5infra5utils11http_server15run_http_server0B9_
FNDA:2,_RNvNtNtNtCsbXW4dhCBcMY_13seaorm_course5infra5utils11http_server15create_listener
FNDA:1,_RNvNtNtNtCsbXW4dhCBcMY_13seaorm_course5infra5utils11http_server15run_http_server
FNDA:1,_RNvNtNtNtNtCsbXW4dhCBcMY_13seaorm_course5infra5utils11http_server5testss_28test_create_listener_success
FNDA:1,_RNvNtNtNtNtCsbXW4dhCBcMY_13seaorm_course5infra5utils11http_server5testss_30test_run_http_server_execution
FNDA:1,_RNCNCNCNvNtNtNtNtCsbXW4dhCBcMY_13seaorm_course5infra5utils11http_server5testss_30test_run_http_server_execution000Bf_
FNDA:1,_RNCNCNvNtNtNtNtCsbXW4dhCBcMY_13seaorm_course5infra5utils11http_server5testss_30test_run_http_server_execution00Bd_
FNDA:1,_RNCNCNvNtNtNtNtCsbXW4dhCBcMY_13seaorm_course5infra5utils11http_server5testss_30test_run_http_server_execution0s_0Bd_
FNDA:1,_RNCNvNtNtNtNtCsbXW4dhCBcMY_13seaorm_course5infra5utils11http_server5testss_28test_create_listener_success0Bb_
FNDA:1,_RNCNvNtNtNtNtCsbXW4dhCBcMY_13seaorm_course5infra5utils11http_server5testss_30test_run_http_server_execution0Bb_
FNDA:2,_RNCNvNtNtNtCsbXW4dhCBcMY_13seaorm_course5infra5utils11http_server15create_listener0B9_
FNDA:1,_RNCNvNtNtNtCsbXW4dhCBcMY_13seaorm_course5infra5utils11http_server15run_http_server0B9_
FNF:11
FNH:11
DA:3,1
DA:4,1
DA:5,1
DA:6,0
DA:8,2
DA:9,2
DA:10,2
DA:11,2
DA:12,2
DA:22,1
DA:23,1
DA:26,1
DA:27,1
DA:28,1
DA:31,1
DA:33,2
DA:37,1
DA:38,1
DA:39,0
DA:42,1
DA:45,1
DA:46,1
DA:47,1
DA:48,1
DA:49,1
DA:50,1
DA:52,1
DA:53,1
DA:56,1
DA:57,1
BRF:0
BRH:0
LF:39
LH:37
end_of_record
SF:/home/alanr/dev/projects/rust-axum-seaorm-example/src/infra/utils/test_utils.rs
FN:9,_RNCNvNtNtNtCsbXW4dhCBcMY_13seaorm_course5infra5utils10test_utils21setup_api_tests_infra0B9_
FN:9,_RNvNtNtNtCsbXW4dhCBcMY_13seaorm_course5infra5utils10test_utils21setup_api_tests_infra
FNDA:9,_RNCNvNtNtNtCsbXW4dhCBcMY_13seaorm_course5infra5utils10test_utils21setup_api_tests_infra0B9_
FNDA:9,_RNvNtNtNtCsbXW4dhCBcMY_13seaorm_course5infra5utils10test_utils21setup_api_tests_infra
FNF:2
FNH:2
DA:9,9
DA:10,9
DA:11,9
DA:12,9
DA:13,9
DA:14,9
BRF:0
BRH:0
LF:7
LH:7
end_of_record
SF:/home/alanr/dev/projects/rust-axum-seaorm-example/src/services/task.rs
FN:53,_RNvNtNtCsbXW4dhCBcMY_13seaorm_course8services4task11update_task
FN:20,_RNvNtNtCsbXW4dhCBcMY_13seaorm_course8services4task14get_task_by_id
FN:11,_RNvNtNtCsbXW4dhCBcMY_13seaorm_course8services4task19create_task_service
FN:44,_RNvNtNtCsbXW4dhCBcMY_13seaorm_course8services4task20list_tasks_by_filter
FN:29,_RNvNtNtCsbXW4dhCBcMY_13seaorm_course8services4task22hard_remove_task_by_id
FN:35,_RNvNtNtCsbXW4dhCBcMY_13seaorm_course8services4task23sorft_remove_task_by_id
FN:57,_RNCNvNtNtCsbXW4dhCBcMY_13seaorm_course8services4task11update_task0B7_
FN:23,_RNCNvNtNtCsbXW4dhCBcMY_13seaorm_course8services4task14get_task_by_id0B7_
FN:14,_RNCNvNtNtCsbXW4dhCBcMY_13seaorm_course8services4task19create_task_service0B7_
FN:47,_RNCNvNtNtCsbXW4dhCBcMY_13seaorm_course8services4task20list_tasks_by_filter0B7_
FN:29,_RNCNvNtNtCsbXW4dhCBcMY_13seaorm_course8services4task22hard_remove_task_by_id0B7_
FN:38,_RNCNvNtNtCsbXW4dhCBcMY_13seaorm_course8services4task23sorft_remove_task_by_id0B7_
FNDA:1,_RNvNtNtCsbXW4dhCBcMY_13seaorm_course8services4task11update_task
FNDA:4,_RNvNtNtCsbXW4dhCBcMY_13seaorm_course8services4task14get_task_by_id
FNDA:1,_RNvNtNtCsbXW4dhCBcMY_13seaorm_course8services4task19create_task_service
FNDA:3,_RNvNtNtCsbXW4dhCBcMY_13seaorm_course8services4task20list_tasks_by_filter
FNDA:2,_RNvNtNtCsbXW4dhCBcMY_13seaorm_course8services4task22hard_remove_task_by_id
FNDA:1,_RNvNtNtCsbXW4dhCBcMY_13seaorm_course8services4task23sorft_remove_task_by_id
FNDA:1,_RNCNvNtNtCsbXW4dhCBcMY_13seaorm_course8services4task11update_task0B7_
FNDA:4,_RNCNvNtNtCsbXW4dhCBcMY_13seaorm_course8services4task14get_task_by_id0B7_
FNDA:1,_RNCNvNtNtCsbXW4dhCBcMY_13seaorm_course8services4task19create_task_service0B7_
FNDA:3,_RNCNvNtNtCsbXW4dhCBcMY_13seaorm_course8services4task20list_tasks_by_filter0B7_
FNDA:2,_RNCNvNtNtCsbXW4dhCBcMY_13seaorm_course8services4task22hard_remove_task_by_id0B7_
FNDA:1,_RNCNvNtNtCsbXW4dhCBcMY_13seaorm_course8services4task23sorft_remove_task_by_id0B7_
FNF:12
FNH:12
DA:11,1
DA:12,1
DA:13,1
DA:14,1
DA:15,1
DA:16,1
DA:17,1
DA:18,1
DA:20,4
DA:21,4
DA:22,4
DA:23,4
DA:24,4
DA:25,4
DA:26,4
DA:27,4
DA:29,2
DA:30,2
DA:31,2
DA:32,2
DA:33,2
DA:35,1
DA:36,1
DA:37,1
DA:38,1
DA:39,1
DA:40,1
DA:41,1
DA:42,1
DA:44,3
DA:45,3
DA:46,3
DA:47,3
DA:48,3
DA:49,3
DA:50,3
DA:51,3
DA:53,1
DA:54,1
DA:55,1
DA:56,1
DA:57,1
DA:58,1
DA:59,1
DA:60,1
DA:61,1
BRF:0
BRH:0
LF:52
LH:52
end_of_record